# JRE version: Java(TM) SE Runtime Environment (8.0_271-b09) (build 1.8.0_271-b09)
# Java VM: Java HotSpot(TM) 64-Bit Server VM (25.271-b09 mixed mode windows-amd64 compressed oops)
Heap:
 PSYoungGen      total 27136K, used 24683K [0x00000000fdf00000, 0x00000000ffd80000, 0x0000000100000000)
  eden space 23040K, 95% used [0x00000000fdf00000,0x00000000ff486f30,0x00000000ff580000)
  from space 4096K, 64% used [0x00000000ff980000,0x00000000ffc14040,0x00000000ffd80000)
  to   space 4096K, 0% used [0x00000000ff580000,0x00000000ff580000,0x00000000ff980000)
 ParOldGen       total 53248K, used 22512K [0x00000000f9c00000, 0x00000000fd000000, 0x00000000fdf00000)
  object space 53248K, 42% used [0x00000000f9c00000,0x00000000fb1fc168,0x00000000fd000000)
 Metaspace       used 45266K, capacity 47852K, committed 48128K, reserved 1091584K
  class space    used 6189K, capacity 6632K, committed 6656K, reserved 1048576K
GC Heap History (10 events):
Event: 5309.917 GC heap before
{Heap before GC invocations=50 (full 2):
 PSYoungGen      total 26112K, used 25574K [0x00000000fdf00000, 0x00000000ffc80000, 0x0000000100000000)
  eden space 23040K, 99% used [0x00000000fdf00000,0x00000000ff57f3f8,0x00000000ff580000)
  from space 3072K, 82% used [0x00000000ff580000,0x00000000ff7fa5f8,0x00000000ff880000)
  to   space 3584K, 0% used [0x00000000ff900000,0x00000000ff900000,0x00000000ffc80000)
 ParOldGen       total 53248K, used 22180K [0x00000000f9c00000, 0x00000000fd000000, 0x00000000fdf00000)
  object space 53248K, 41% used [0x00000000f9c00000,0x00000000fb1a9158,0x00000000fd000000)
 Metaspace       used 45236K, capacity 47754K, committed 47872K, reserved 1091584K
  class space    used 6184K, capacity 6627K, committed 6656K, reserved 1048576K
Event: 5309.921 GC heap after
Heap after GC invocations=50 (full 2):
 PSYoungGen      total 26624K, used 1984K [0x00000000fdf00000, 0x00000000ffc80000, 0x0000000100000000)
  eden space 23040K, 0% used [0x00000000fdf00000,0x00000000fdf00000,0x00000000ff580000)
  from space 3584K, 55% used [0x00000000ff900000,0x00000000ffaf0050,0x00000000ffc80000)
  to   space 3584K, 0% used [0x00000000ff580000,0x00000000ff580000,0x00000000ff900000)
 ParOldGen       total 53248K, used 22212K [0x00000000f9c00000, 0x00000000fd000000, 0x00000000fdf00000)
  object space 53248K, 41% used [0x00000000f9c00000,0x00000000fb1b1158,0x00000000fd000000)
 Metaspace       used 45236K, capacity 47754K, committed 47872K, reserved 1091584K
  class space    used 6184K, capacity 6627K, committed 6656K, reserved 1048576K
}
Event: 5655.167 GC heap before
{Heap before GC invocations=51 (full 2):
 PSYoungGen      total 26624K, used 25024K [0x00000000fdf00000, 0x00000000ffc80000, 0x0000000100000000)
  eden space 23040K, 100% used [0x00000000fdf00000,0x00000000ff580000,0x00000000ff580000)
  from space 3584K, 55% used [0x00000000ff900000,0x00000000ffaf0050,0x00000000ffc80000)
  to   space 3584K, 0% used [0x00000000ff580000,0x00000000ff580000,0x00000000ff900000)
 ParOldGen       total 53248K, used 22212K [0x00000000f9c00000, 0x00000000fd000000, 0x00000000fdf00000)
  object space 53248K, 41% used [0x00000000f9c00000,0x00000000fb1b1158,0x00000000fd000000)
 Metaspace       used 45241K, capacity 47754K, committed 47872K, reserved 1091584K
  class space    used 6184K, capacity 6627K, committed 6656K, reserved 1048576K
Event: 5655.169 GC heap after
Heap after GC invocations=51 (full 2):
 PSYoungGen      total 26624K, used 1680K [0x00000000fdf00000, 0x00000000ffc80000, 0x0000000100000000)
  eden space 23040K, 0% used [0x00000000fdf00000,0x00000000fdf00000,0x00000000ff580000)
  from space 3584K, 46% used [0x00000000ff580000,0x00000000ff724040,0x00000000ff900000)
  to   space 3584K, 0% used [0x00000000ff900000,0x00000000ff900000,0x00000000ffc80000)
 ParOldGen       total 53248K, used 22384K [0x00000000f9c00000, 0x00000000fd000000, 0x00000000fdf00000)
  object space 53248K, 42% used [0x00000000f9c00000,0x00000000fb1dc168,0x00000000fd000000)
 Metaspace       used 45241K, capacity 47754K, committed 47872K, reserved 1091584K
  class space    used 6184K, capacity 6627K, committed 6656K, reserved 1048576K
}
Event: 5767.782 GC heap before
{Heap before GC invocations=52 (full 2):
 PSYoungGen      total 26624K, used 24720K [0x00000000fdf00000, 0x00000000ffc80000, 0x0000000100000000)
  eden space 23040K, 99% used [0x00000000fdf00000,0x00000000ff57fff8,0x00000000ff580000)
  from space 3584K, 46% used [0x00000000ff580000,0x00000000ff724040,0x00000000ff900000)
  to   space 3584K, 0% used [0x00000000ff900000,0x00000000ff900000,0x00000000ffc80000)
 ParOldGen       total 53248K, used 22384K [0x00000000f9c00000, 0x00000000fd000000, 0x00000000fdf00000)
  object space 53248K, 42% used [0x00000000f9c00000,0x00000000fb1dc168,0x00000000fd000000)
 Metaspace       used 45255K, capacity 47784K, committed 47872K, reserved 1091584K
  class space    used 6187K, capacity 6632K, committed 6656K, reserved 1048576K
Event: 5767.788 GC heap after
Heap after GC invocations=52 (full 2):
 PSYoungGen      total 26624K, used 2928K [0x00000000fdf00000, 0x00000000ffc80000, 0x0000000100000000)
  eden space 23040K, 0% used [0x00000000fdf00000,0x00000000fdf00000,0x00000000ff580000)
  from space 3584K, 81% used [0x00000000ff900000,0x00000000ffbdc040,0x00000000ffc80000)
  to   space 3584K, 0% used [0x00000000ff580000,0x00000000ff580000,0x00000000ff900000)
 ParOldGen       total 53248K, used 22432K [0x00000000f9c00000, 0x00000000fd000000, 0x00000000fdf00000)
  object space 53248K, 42% used [0x00000000f9c00000,0x00000000fb1e8168,0x00000000fd000000)
 Metaspace       used 45255K, capacity 47784K, committed 47872K, reserved 1091584K
  class space    used 6187K, capacity 6632K, committed 6656K, reserved 1048576K
}
Event: 5985.226 GC heap before
{Heap before GC invocations=53 (full 2):
 PSYoungGen      total 26624K, used 25968K [0x00000000fdf00000, 0x00000000ffc80000, 0x0000000100000000)
  eden space 23040K, 100% used [0x00000000fdf00000,0x00000000ff580000,0x00000000ff580000)
  from space 3584K, 81% used [0x00000000ff900000,0x00000000ffbdc040,0x00000000ffc80000)
  to   space 3584K, 0% used [0x00000000ff580000,0x00000000ff580000,0x00000000ff900000)
 ParOldGen       total 53248K, used 22432K [0x00000000f9c00000, 0x00000000fd000000, 0x00000000fdf00000)
  object space 53248K, 42% used [0x00000000f9c00000,0x00000000fb1e8168,0x00000000fd000000)
 Metaspace       used 45264K, capacity 47788K, committed 47872K, reserved 1091584K
  class space    used 6189K, capacity 6632K, committed 6656K, reserved 1048576K
Event: 5985.242 GC heap after
Heap after GC invocations=53 (full 2):
 PSYoungGen      total 26624K, used 2688K [0x00000000fdf00000, 0x00000000ffd80000, 0x0000000100000000)
  eden space 23040K, 0% used [0x00000000fdf00000,0x00000000fdf00000,0x00000000ff580000)
  from space 3584K, 75% used [0x00000000ff580000,0x00000000ff820030,0x00000000ff900000)
  to   space 4096K, 0% used [0x00000000ff980000,0x00000000ff980000,0x00000000ffd80000)
 ParOldGen       total 53248K, used 22496K [0x00000000f9c00000, 0x00000000fd000000, 0x00000000fdf00000)
  object space 53248K, 42% used [0x00000000f9c00000,0x00000000fb1f8168,0x00000000fd000000)
 Metaspace       used 45264K, capacity 47788K, committed 47872K, reserved 1091584K
  class space    used 6189K, capacity 6632K, committed 6656K, reserved 1048576K
}
Event: 6225.274 GC heap before
{Heap before GC invocations=54 (full 2):
 PSYoungGen      total 26624K, used 25728K [0x00000000fdf00000, 0x00000000ffd80000, 0x0000000100000000)
  eden space 23040K, 100% used [0x00000000fdf00000,0x00000000ff580000,0x00000000ff580000)
  from space 3584K, 75% used [0x00000000ff580000,0x00000000ff820030,0x00000000ff900000)
  to   space 4096K, 0% used [0x00000000ff980000,0x00000000ff980000,0x00000000ffd80000)
 ParOldGen       total 53248K, used 22496K [0x00000000f9c00000, 0x00000000fd000000, 0x00000000fdf00000)
  object space 53248K, 42% used [0x00000000f9c00000,0x00000000fb1f8168,0x00000000fd000000)
 Metaspace       used 45265K, capacity 47852K, committed 48128K, reserved 1091584K
  class space    used 6189K, capacity 6632K, committed 6656K, reserved 1048576K
Event: 6225.278 GC heap after
Heap after GC invocations=54 (full 2):
 PSYoungGen      total 27136K, used 2640K [0x00000000fdf00000, 0x00000000ffd80000, 0x0000000100000000)
  eden space 23040K, 0% used [0x00000000fdf00000,0x00000000fdf00000,0x00000000ff580000)
  from space 4096K, 64% used [0x00000000ff980000,0x00000000ffc14040,0x00000000ffd80000)
  to   space 4096K, 0% used [0x00000000ff580000,0x00000000ff580000,0x00000000ff980000)
 ParOldGen       total 53248K, used 22512K [0x00000000f9c00000, 0x00000000fd000000, 0x00000000fdf00000)
  object space 53248K, 42% used [0x00000000f9c00000,0x00000000fb1fc168,0x00000000fd000000)
 Metaspace       used 45265K, capacity 47852K, committed 48128K, reserved 1091584K
  class space    used 6189K, capacity 6632K, committed 6656K, reserved 1048576K
}

