# JRE version: Java(TM) SE Runtime Environment (8.0_271-b09) (build 1.8.0_271-b09)
# Java VM: Java HotSpot(TM) 64-Bit Server VM (25.271-b09 mixed mode windows-amd64 compressed oops)
Heap:
 PSYoungGen      total 165376K, used 23379K [0x000000076e000000, 0x0000000779380000, 0x00000007c0000000)
  eden space 154624K, 10% used [0x000000076e000000,0x000000076f094ed8,0x0000000777700000)
  from space 10752K, 59% used [0x0000000778300000,0x00000007789400d0,0x0000000778d80000)
  to   space 12288K, 0% used [0x0000000777700000,0x0000000777700000,0x0000000778300000)
 ParOldGen       total 141824K, used 15559K [0x00000006ca000000, 0x00000006d2a80000, 0x000000076e000000)
  object space 141824K, 10% used [0x00000006ca000000,0x00000006caf31d08,0x00000006d2a80000)
 Metaspace       used 40971K, capacity 42434K, committed 42664K, reserved 1087488K
  class space    used 5244K, capacity 5537K, committed 5544K, reserved 1048576K
GC Heap History (10 events):
Event: 5.317 GC heap before
{Heap before GC invocations=8 (full 1):
 PSYoungGen      total 107008K, used 106698K [0x000000076e000000, 0x0000000775580000, 0x00000007c0000000)
  eden space 99840K, 100% used [0x000000076e000000,0x0000000774180000,0x0000000774180000)
  from space 7168K, 95% used [0x0000000774e80000,0x0000000775532a98,0x0000000775580000)
  to   space 9728K, 0% used [0x0000000774280000,0x0000000774280000,0x0000000774c00000)
 ParOldGen       total 91648K, used 6213K [0x00000006ca000000, 0x00000006cf980000, 0x000000076e000000)
  object space 91648K, 6% used [0x00000006ca000000,0x00000006ca611708,0x00000006cf980000)
 Metaspace       used 32001K, capacity 33064K, committed 33328K, reserved 1079296K
  class space    used 4139K, capacity 4374K, committed 4400K, reserved 1048576K
Event: 5.324 GC heap after
Heap after GC invocations=8 (full 1):
 PSYoungGen      total 110592K, used 9700K [0x000000076e000000, 0x0000000778d80000, 0x00000007c0000000)
  eden space 100864K, 0% used [0x000000076e000000,0x000000076e000000,0x0000000774280000)
  from space 9728K, 99% used [0x0000000774280000,0x0000000774bf9018,0x0000000774c00000)
  to   space 10752K, 0% used [0x0000000778300000,0x0000000778300000,0x0000000778d80000)
 ParOldGen       total 91648K, used 6576K [0x00000006ca000000, 0x00000006cf980000, 0x000000076e000000)
  object space 91648K, 7% used [0x00000006ca000000,0x00000006ca66c2b8,0x00000006cf980000)
 Metaspace       used 32001K, capacity 33064K, committed 33328K, reserved 1079296K
  class space    used 4139K, capacity 4374K, committed 4400K, reserved 1048576K
}
Event: 5.776 GC heap before
{Heap before GC invocations=9 (full 1):
 PSYoungGen      total 110592K, used 72615K [0x000000076e000000, 0x0000000778d80000, 0x00000007c0000000)
  eden space 100864K, 62% used [0x000000076e000000,0x0000000771d70f18,0x0000000774280000)
  from space 9728K, 99% used [0x0000000774280000,0x0000000774bf9018,0x0000000774c00000)
  to   space 10752K, 0% used [0x0000000778300000,0x0000000778300000,0x0000000778d80000)
 ParOldGen       total 91648K, used 6576K [0x00000006ca000000, 0x00000006cf980000, 0x000000076e000000)
  object space 91648K, 7% used [0x00000006ca000000,0x00000006ca66c2b8,0x00000006cf980000)
 Metaspace       used 34216K, capacity 35358K, committed 35496K, reserved 1079296K
  class space    used 4435K, capacity 4683K, committed 4776K, reserved 1048576K
Event: 5.783 GC heap after
Heap after GC invocations=9 (full 1):
 PSYoungGen      total 165376K, used 10735K [0x000000076e000000, 0x0000000779380000, 0x00000007c0000000)
  eden space 154624K, 0% used [0x000000076e000000,0x000000076e000000,0x0000000777700000)
  from space 10752K, 99% used [0x0000000778300000,0x0000000778d7bcb8,0x0000000778d80000)
  to   space 12288K, 0% used [0x0000000777700000,0x0000000777700000,0x0000000778300000)
 ParOldGen       total 91648K, used 6839K [0x00000006ca000000, 0x00000006cf980000, 0x000000076e000000)
  object space 91648K, 7% used [0x00000006ca000000,0x00000006ca6adfa8,0x00000006cf980000)
 Metaspace       used 34216K, capacity 35358K, committed 35496K, reserved 1079296K
  class space    used 4435K, capacity 4683K, committed 4776K, reserved 1048576K
}
Event: 5.783 GC heap before
{Heap before GC invocations=10 (full 2):
 PSYoungGen      total 165376K, used 10735K [0x000000076e000000, 0x0000000779380000, 0x00000007c0000000)
  eden space 154624K, 0% used [0x000000076e000000,0x000000076e000000,0x0000000777700000)
  from space 10752K, 99% used [0x0000000778300000,0x0000000778d7bcb8,0x0000000778d80000)
  to   space 12288K, 0% used [0x0000000777700000,0x0000000777700000,0x0000000778300000)
 ParOldGen       total 91648K, used 6839K [0x00000006ca000000, 0x00000006cf980000, 0x000000076e000000)
  object space 91648K, 7% used [0x00000006ca000000,0x00000006ca6adfa8,0x00000006cf980000)
 Metaspace       used 34216K, capacity 35358K, committed 35496K, reserved 1079296K
  class space    used 4435K, capacity 4683K, committed 4776K, reserved 1048576K
Event: 5.828 GC heap after
Heap after GC invocations=10 (full 2):
 PSYoungGen      total 165376K, used 0K [0x000000076e000000, 0x0000000779380000, 0x00000007c0000000)
  eden space 154624K, 0% used [0x000000076e000000,0x000000076e000000,0x0000000777700000)
  from space 10752K, 0% used [0x0000000778300000,0x0000000778300000,0x0000000778d80000)
  to   space 12288K, 0% used [0x0000000777700000,0x0000000777700000,0x0000000778300000)
 ParOldGen       total 141824K, used 15543K [0x00000006ca000000, 0x00000006d2a80000, 0x000000076e000000)
  object space 141824K, 10% used [0x00000006ca000000,0x00000006caf2dd08,0x00000006d2a80000)
 Metaspace       used 34216K, capacity 35358K, committed 35496K, reserved 1079296K
  class space    used 4435K, capacity 4683K, committed 4776K, reserved 1048576K
}
Event: 6.890 GC heap before
{Heap before GC invocations=11 (full 2):
 PSYoungGen      total 165376K, used 154624K [0x000000076e000000, 0x0000000779380000, 0x00000007c0000000)
  eden space 154624K, 100% used [0x000000076e000000,0x0000000777700000,0x0000000777700000)
  from space 10752K, 0% used [0x0000000778300000,0x0000000778300000,0x0000000778d80000)
  to   space 12288K, 0% used [0x0000000777700000,0x0000000777700000,0x0000000778300000)
 ParOldGen       total 141824K, used 15543K [0x00000006ca000000, 0x00000006d2a80000, 0x000000076e000000)
  object space 141824K, 10% used [0x00000006ca000000,0x00000006caf2dd08,0x00000006d2a80000)
 Metaspace       used 40260K, capacity 41706K, committed 41896K, reserved 1085440K
  class space    used 5220K, capacity 5535K, committed 5544K, reserved 1048576K
Event: 6.897 GC heap after
Heap after GC invocations=11 (full 2):
 PSYoungGen      total 166912K, used 7071K [0x000000076e000000, 0x0000000779380000, 0x00000007c0000000)
  eden space 154624K, 0% used [0x000000076e000000,0x000000076e000000,0x0000000777700000)
  from space 12288K, 57% used [0x0000000777700000,0x0000000777de7c18,0x0000000778300000)
  to   space 10752K, 0% used [0x0000000778300000,0x0000000778300000,0x0000000778d80000)
 ParOldGen       total 141824K, used 15551K [0x00000006ca000000, 0x00000006d2a80000, 0x000000076e000000)
  object space 141824K, 10% used [0x00000006ca000000,0x00000006caf2fd08,0x00000006d2a80000)
 Metaspace       used 40260K, capacity 41706K, committed 41896K, reserved 1085440K
  class space    used 5220K, capacity 5535K, committed 5544K, reserved 1048576K
}
Event: 7.398 GC heap before
{Heap before GC invocations=12 (full 2):
 PSYoungGen      total 166912K, used 161695K [0x000000076e000000, 0x0000000779380000, 0x00000007c0000000)
  eden space 154624K, 100% used [0x000000076e000000,0x0000000777700000,0x0000000777700000)
  from space 12288K, 57% used [0x0000000777700000,0x0000000777de7c18,0x0000000778300000)
  to   space 10752K, 0% used [0x0000000778300000,0x0000000778300000,0x0000000778d80000)
 ParOldGen       total 141824K, used 15551K [0x00000006ca000000, 0x00000006d2a80000, 0x000000076e000000)
  object space 141824K, 10% used [0x00000006ca000000,0x00000006caf2fd08,0x00000006d2a80000)
 Metaspace       used 40893K, capacity 42370K, committed 42408K, reserved 1085440K
  class space    used 5242K, capacity 5537K, committed 5544K, reserved 1048576K
Event: 7.403 GC heap after
Heap after GC invocations=12 (full 2):
 PSYoungGen      total 165376K, used 6400K [0x000000076e000000, 0x0000000779380000, 0x00000007c0000000)
  eden space 154624K, 0% used [0x000000076e000000,0x000000076e000000,0x0000000777700000)
  from space 10752K, 59% used [0x0000000778300000,0x00000007789400d0,0x0000000778d80000)
  to   space 12288K, 0% used [0x0000000777700000,0x0000000777700000,0x0000000778300000)
 ParOldGen       total 141824K, used 15559K [0x00000006ca000000, 0x00000006d2a80000, 0x000000076e000000)
  object space 141824K, 10% used [0x00000006ca000000,0x00000006caf31d08,0x00000006d2a80000)
 Metaspace       used 40893K, capacity 42370K, committed 42408K, reserved 1085440K
  class space    used 5242K, capacity 5537K, committed 5544K, reserved 1048576K
}

