# JRE version: Java(TM) SE Runtime Environment (8.0_271-b09) (build 1.8.0_271-b09)
# Java VM: Java HotSpot(TM) 64-Bit Server VM (25.271-b09 mixed mode windows-amd64 compressed oops)
Heap:
 PSYoungGen      total 168960K, used 136297K [0x000000076e000000, 0x000000077bb00000, 0x00000007c0000000)
  eden space 156160K, 82% used [0x000000076e000000,0x0000000775e18ee0,0x0000000777880000)
  from space 12800K, 56% used [0x0000000777880000,0x0000000777f81888,0x0000000778500000)
  to   space 12288K, 0% used [0x000000077af00000,0x000000077af00000,0x000000077bb00000)
 ParOldGen       total 143872K, used 15708K [0x00000006ca000000, 0x00000006d2c80000, 0x000000076e000000)
  object space 143872K, 10% used [0x00000006ca000000,0x00000006caf573f8,0x00000006d2c80000)
 Metaspace       used 40802K, capacity 42238K, committed 42456K, reserved 1085440K
  class space    used 5239K, capacity 5537K, committed 5632K, reserved 1048576K
GC Heap History (10 events):
Event: 4.294 GC heap before
{Heap before GC invocations=7 (full 1):
 PSYoungGen      total 73728K, used 68315K [0x000000076e000000, 0x0000000775980000, 0x00000007c0000000)
  eden space 63488K, 100% used [0x000000076e000000,0x0000000771e00000,0x0000000771e00000)
  from space 10240K, 47% used [0x0000000771e00000,0x00000007722b6ca8,0x0000000772800000)
  to   space 10240K, 0% used [0x0000000774f80000,0x0000000774f80000,0x0000000775980000)
 ParOldGen       total 90624K, used 5488K [0x00000006ca000000, 0x00000006cf880000, 0x000000076e000000)
  object space 90624K, 6% used [0x00000006ca000000,0x00000006ca55c2f0,0x00000006cf880000)
 Metaspace       used 29566K, capacity 30534K, committed 30848K, reserved 1075200K
  class space    used 3856K, capacity 4099K, committed 4224K, reserved 1048576K
Event: 4.300 GC heap after
Heap after GC invocations=7 (full 1):
 PSYoungGen      total 107520K, used 6750K [0x000000076e000000, 0x0000000775680000, 0x00000007c0000000)
  eden space 100352K, 0% used [0x000000076e000000,0x000000076e000000,0x0000000774200000)
  from space 7168K, 94% used [0x0000000774f80000,0x0000000775617b98,0x0000000775680000)
  to   space 9728K, 0% used [0x0000000774380000,0x0000000774380000,0x0000000774d00000)
 ParOldGen       total 90624K, used 5496K [0x00000006ca000000, 0x00000006cf880000, 0x000000076e000000)
  object space 90624K, 6% used [0x00000006ca000000,0x00000006ca55e2f0,0x00000006cf880000)
 Metaspace       used 29566K, capacity 30534K, committed 30848K, reserved 1075200K
  class space    used 3856K, capacity 4099K, committed 4224K, reserved 1048576K
}
Event: 4.887 GC heap before
{Heap before GC invocations=8 (full 1):
 PSYoungGen      total 107520K, used 107102K [0x000000076e000000, 0x0000000775680000, 0x00000007c0000000)
  eden space 100352K, 100% used [0x000000076e000000,0x0000000774200000,0x0000000774200000)
  from space 7168K, 94% used [0x0000000774f80000,0x0000000775617b98,0x0000000775680000)
  to   space 9728K, 0% used [0x0000000774380000,0x0000000774380000,0x0000000774d00000)
 ParOldGen       total 90624K, used 5496K [0x00000006ca000000, 0x00000006cf880000, 0x000000076e000000)
  object space 90624K, 6% used [0x00000006ca000000,0x00000006ca55e2f0,0x00000006cf880000)
 Metaspace       used 31814K, capacity 32924K, committed 33152K, reserved 1077248K
  class space    used 4112K, capacity 4370K, committed 4480K, reserved 1048576K
Event: 4.895 GC heap after
Heap after GC invocations=8 (full 1):
 PSYoungGen      total 111616K, used 9697K [0x000000076e000000, 0x0000000779000000, 0x00000007c0000000)
  eden space 101888K, 0% used [0x000000076e000000,0x000000076e000000,0x0000000774380000)
  from space 9728K, 99% used [0x0000000774380000,0x0000000774cf8750,0x0000000774d00000)
  to   space 11264K, 0% used [0x0000000778500000,0x0000000778500000,0x0000000779000000)
 ParOldGen       total 90624K, used 5803K [0x00000006ca000000, 0x00000006cf880000, 0x000000076e000000)
  object space 90624K, 6% used [0x00000006ca000000,0x00000006ca5aace0,0x00000006cf880000)
 Metaspace       used 31814K, capacity 32924K, committed 33152K, reserved 1077248K
  class space    used 4112K, capacity 4370K, committed 4480K, reserved 1048576K
}
Event: 5.394 GC heap before
{Heap before GC invocations=9 (full 1):
 PSYoungGen      total 111616K, used 78778K [0x000000076e000000, 0x0000000779000000, 0x00000007c0000000)
  eden space 101888K, 67% used [0x000000076e000000,0x0000000772376198,0x0000000774380000)
  from space 9728K, 99% used [0x0000000774380000,0x0000000774cf8750,0x0000000774d00000)
  to   space 11264K, 0% used [0x0000000778500000,0x0000000778500000,0x0000000779000000)
 ParOldGen       total 90624K, used 5803K [0x00000006ca000000, 0x00000006cf880000, 0x000000076e000000)
  object space 90624K, 6% used [0x00000006ca000000,0x00000006ca5aace0,0x00000006cf880000)
 Metaspace       used 34216K, capacity 35358K, committed 35416K, reserved 1079296K
  class space    used 4437K, capacity 4683K, committed 4736K, reserved 1048576K
Event: 5.402 GC heap after
Heap after GC invocations=9 (full 1):
 PSYoungGen      total 167424K, used 11232K [0x000000076e000000, 0x0000000779680000, 0x00000007c0000000)
  eden space 156160K, 0% used [0x000000076e000000,0x000000076e000000,0x0000000777880000)
  from space 11264K, 99% used [0x0000000778500000,0x0000000778ff8318,0x0000000779000000)
  to   space 12800K, 0% used [0x0000000777880000,0x0000000777880000,0x0000000778500000)
 ParOldGen       total 90624K, used 6050K [0x00000006ca000000, 0x00000006cf880000, 0x000000076e000000)
  object space 90624K, 6% used [0x00000006ca000000,0x00000006ca5e8a00,0x00000006cf880000)
 Metaspace       used 34216K, capacity 35358K, committed 35416K, reserved 1079296K
  class space    used 4437K, capacity 4683K, committed 4736K, reserved 1048576K
}
Event: 5.402 GC heap before
{Heap before GC invocations=10 (full 2):
 PSYoungGen      total 167424K, used 11232K [0x000000076e000000, 0x0000000779680000, 0x00000007c0000000)
  eden space 156160K, 0% used [0x000000076e000000,0x000000076e000000,0x0000000777880000)
  from space 11264K, 99% used [0x0000000778500000,0x0000000778ff8318,0x0000000779000000)
  to   space 12800K, 0% used [0x0000000777880000,0x0000000777880000,0x0000000778500000)
 ParOldGen       total 90624K, used 6050K [0x00000006ca000000, 0x00000006cf880000, 0x000000076e000000)
  object space 90624K, 6% used [0x00000006ca000000,0x00000006ca5e8a00,0x00000006cf880000)
 Metaspace       used 34216K, capacity 35358K, committed 35416K, reserved 1079296K
  class space    used 4437K, capacity 4683K, committed 4736K, reserved 1048576K
Event: 5.457 GC heap after
Heap after GC invocations=10 (full 2):
 PSYoungGen      total 167424K, used 0K [0x000000076e000000, 0x0000000779680000, 0x00000007c0000000)
  eden space 156160K, 0% used [0x000000076e000000,0x000000076e000000,0x0000000777880000)
  from space 11264K, 0% used [0x0000000778500000,0x0000000778500000,0x0000000779000000)
  to   space 12800K, 0% used [0x0000000777880000,0x0000000777880000,0x0000000778500000)
 ParOldGen       total 143872K, used 15700K [0x00000006ca000000, 0x00000006d2c80000, 0x000000076e000000)
  object space 143872K, 10% used [0x00000006ca000000,0x00000006caf553f8,0x00000006d2c80000)
 Metaspace       used 34216K, capacity 35358K, committed 35416K, reserved 1079296K
  class space    used 4437K, capacity 4683K, committed 4736K, reserved 1048576K
}
Event: 6.441 GC heap before
{Heap before GC invocations=11 (full 2):
 PSYoungGen      total 167424K, used 156160K [0x000000076e000000, 0x0000000779680000, 0x00000007c0000000)
  eden space 156160K, 100% used [0x000000076e000000,0x0000000777880000,0x0000000777880000)
  from space 11264K, 0% used [0x0000000778500000,0x0000000778500000,0x0000000779000000)
  to   space 12800K, 0% used [0x0000000777880000,0x0000000777880000,0x0000000778500000)
 ParOldGen       total 143872K, used 15700K [0x00000006ca000000, 0x00000006d2c80000, 0x000000076e000000)
  object space 143872K, 10% used [0x00000006ca000000,0x00000006caf553f8,0x00000006d2c80000)
 Metaspace       used 40270K, capacity 41770K, committed 41944K, reserved 1085440K
  class space    used 5219K, capacity 5535K, committed 5632K, reserved 1048576K
Event: 6.447 GC heap after
Heap after GC invocations=11 (full 2):
 PSYoungGen      total 168960K, used 7174K [0x000000076e000000, 0x000000077bb00000, 0x00000007c0000000)
  eden space 156160K, 0% used [0x000000076e000000,0x000000076e000000,0x0000000777880000)
  from space 12800K, 56% used [0x0000000777880000,0x0000000777f81888,0x0000000778500000)
  to   space 12288K, 0% used [0x000000077af00000,0x000000077af00000,0x000000077bb00000)
 ParOldGen       total 143872K, used 15708K [0x00000006ca000000, 0x00000006d2c80000, 0x000000076e000000)
  object space 143872K, 10% used [0x00000006ca000000,0x00000006caf573f8,0x00000006d2c80000)
 Metaspace       used 40270K, capacity 41770K, committed 41944K, reserved 1085440K
  class space    used 5219K, capacity 5535K, committed 5632K, reserved 1048576K
}

